--2018-12-23 11:30:03--  http://exoplanetarchive.ipac.caltech.edu/data/ExoData/0300/0300180/spectra/UID_0300180_spec_HET_HRS_01.ipac
Resolving exoplanetarchive.ipac.caltech.edu (exoplanetarchive.ipac.caltech.edu)... 134.4.54.147
Connecting to exoplanetarchive.ipac.caltech.edu (exoplanetarchive.ipac.caltech.edu)|134.4.54.147|:80... connected.
HTTP request sent, awaiting response... 302 Found
Location: https://exoplanetarchive.ipac.caltech.edu/data/ExoData/0300/0300180/spectra/UID_0300180_spec_HET_HRS_01.ipac [following]
--2018-12-23 11:30:04--  https://exoplanetarchive.ipac.caltech.edu/data/ExoData/0300/0300180/spectra/UID_0300180_spec_HET_HRS_01.ipac
Connecting to exoplanetarchive.ipac.caltech.edu (exoplanetarchive.ipac.caltech.edu)|134.4.54.147|:443... connected.
HTTP request sent, awaiting response... 200 OK
Length: 1375434 (1.3M) [text/plain]
Saving to: 'UID_0300180_spec_HET_HRS_01.ipac'

     0K .......... .......... .......... .......... ..........  3%  304K 4s
    50K .......... .......... .......... .......... ..........  7%  757K 3s
   100K .......... .......... .......... .......... .......... 11%  674K 2s
   150K .......... .......... .......... .......... .......... 14%  411K 2s
   200K .......... .......... .......... .......... .......... 18%  616K 2s
   250K .......... .......... .......... .......... .......... 22%  431K 2s
   300K .......... .......... .......... .......... .......... 26%  657K 2s
   350K .......... .......... .......... .......... .......... 29%  554K 2s
   400K .......... .......... .......... .......... .......... 33%  476K 2s
   450K .......... .......... .......... .......... .......... 37%  914K 2s
   500K .......... .......... .......... .......... .......... 40%  324K 2s
   550K .......... .......... .......... .......... .......... 44%  754K 1s
   600K .......... .......... .......... .......... .......... 48%  627K 1s
   650K .......... .......... .......... .......... .......... 52%  725K 1s
   700K .......... .......... .......... .......... .......... 55%  505K 1s
   750K .......... .......... .......... .......... .......... 59%  589K 1s
   800K .......... .......... .......... .......... .......... 63%  581K 1s
   850K .......... .......... .......... .......... .......... 67%  426K 1s
   900K .......... .......... .......... .......... .......... 70%  854K 1s
   950K .......... .......... .......... .......... .......... 74%  423K 1s
  1000K .......... .......... .......... .......... .......... 78%  494K 1s
  1050K .......... .......... .......... .......... .......... 81%  644K 0s
  1100K .......... .......... .......... .......... .......... 85%  476K 0s
  1150K .......... .......... .......... .......... .......... 89%  764K 0s
  1200K .......... .......... .......... .......... .......... 93%  416K 0s
  1250K .......... .......... .......... .......... .......... 96%  528K 0s
  1300K .......... .......... .......... .......... ...       100%  587K=2.5s

2018-12-23 11:30:06 (533 KB/s) - 'UID_0300180_spec_HET_HRS_01.ipac' saved [1375434/1375434]

--2018-12-23 11:30:07--  http://exoplanetarchive.ipac.caltech.edu/data/ExoData/0300/0300180/spectra/UID_0300180_spec_HET_HRS_02.ipac
Resolving exoplanetarchive.ipac.caltech.edu (exoplanetarchive.ipac.caltech.edu)... 134.4.54.147
Connecting to exoplanetarchive.ipac.caltech.edu (exoplanetarchive.ipac.caltech.edu)|134.4.54.147|:80... connected.
HTTP request sent, awaiting response... 302 Found
Location: https://exoplanetarchive.ipac.caltech.edu/data/ExoData/0300/0300180/spectra/UID_0300180_spec_HET_HRS_02.ipac [following]
--2018-12-23 11:30:07--  https://exoplanetarchive.ipac.caltech.edu/data/ExoData/0300/0300180/spectra/UID_0300180_spec_HET_HRS_02.ipac
Connecting to exoplanetarchive.ipac.caltech.edu (exoplanetarchive.ipac.caltech.edu)|134.4.54.147|:443... connected.
HTTP request sent, awaiting response... 200 OK
Length: 1375436 (1.3M) [text/plain]
Saving to: 'UID_0300180_spec_HET_HRS_02.ipac'

     0K .......... .......... .......... .......... ..........  3%  268K 5s
    50K .......... .......... .......... .......... ..........  7%  626K 3s
   100K .......... .......... .......... .......... .......... 11%  333K 3s
   150K .......... .......... .......... .......... .......... 14%  901K 3s
   200K .......... .......... .......... .......... .......... 18%  530K 2s
   250K .......... .......... .......... .......... .......... 22%  499K 2s
   300K .......... .......... .......... .......... .......... 26% 1.08M 2s
   350K .......... .......... .......... .......... .......... 29%  696K 2s
   400K .......... .......... .......... .......... .......... 33%  380K 2s
   450K .......... .......... .......... .......... .......... 37%  624K 2s
   500K .......... .......... .......... .......... .......... 40%  608K 2s
   550K .......... .......... .......... .......... .......... 44%  823K 1s
   600K .......... .......... .......... .......... .......... 48%  988K 1s
   650K .......... .......... .......... .......... .......... 52%  723K 1s
   700K .......... .......... .......... .......... .......... 55%  727K 1s
   750K .......... .......... .......... .......... .......... 59%  653K 1s
   800K .......... .......... .......... .......... .......... 63%  375K 1s
   850K .......... .......... .......... .......... .......... 67%  593K 1s
   900K .......... .......... .......... .......... .......... 70%  675K 1s
   950K .......... .......... .......... .......... .......... 74%  638K 1s
  1000K .......... .......... .......... .......... .......... 78%  715K 1s
  1050K .......... .......... .......... .......... .......... 81%  773K 0s
  1100K .......... .......... .......... .......... .......... 85%  760K 0s
  1150K .......... .......... .......... .......... .......... 89%  700K 0s
  1200K .......... .......... .......... .......... .......... 93%  663K 0s
  1250K .......... .......... .......... .......... .......... 96%  470K 0s
  1300K .......... .......... .......... .......... ...       100%  712K=2.3s

2018-12-23 11:30:10 (587 KB/s) - 'UID_0300180_spec_HET_HRS_02.ipac' saved [1375436/1375436]

--2018-12-23 11:30:10--  http://exoplanetarchive.ipac.caltech.edu/data/ExoData/0300/0300180/spectra/UID_0300180_spec_HET_HRS_03.ipac
Resolving exoplanetarchive.ipac.caltech.edu (exoplanetarchive.ipac.caltech.edu)... 134.4.54.147
Connecting to exoplanetarchive.ipac.caltech.edu (exoplanetarchive.ipac.caltech.edu)|134.4.54.147|:80... connected.
HTTP request sent, awaiting response... 302 Found
Location: https://exoplanetarchive.ipac.caltech.edu/data/ExoData/0300/0300180/spectra/UID_0300180_spec_HET_HRS_03.ipac [following]
--2018-12-23 11:30:10--  https://exoplanetarchive.ipac.caltech.edu/data/ExoData/0300/0300180/spectra/UID_0300180_spec_HET_HRS_03.ipac
Connecting to exoplanetarchive.ipac.caltech.edu (exoplanetarchive.ipac.caltech.edu)|134.4.54.147|:443... connected.
HTTP request sent, awaiting response... 200 OK
Length: 1375436 (1.3M) [text/plain]
Saving to: 'UID_0300180_spec_HET_HRS_03.ipac'

     0K .......... .......... .......... .......... ..........  3%  308K 4s
    50K .......... .......... .......... .......... ..........  7%  499K 3s
   100K .......... .......... .......... .......... .......... 11%  495K 3s
   150K .......... .......... .......... .......... .......... 14%  636K 3s
   200K .......... .......... .......... .......... .......... 18%  534K 2s
   250K .......... .......... .......... .......... .......... 22%  573K 2s
   300K .......... .......... .......... .......... .......... 26%  573K 2s
   350K .......... .......... .......... .......... .......... 29%  441K 2s
   400K .......... .......... .......... .......... .......... 33%  369K 2s
   450K .......... .......... .......... .......... .......... 37%  429K 2s
   500K .......... .......... .......... .......... .......... 40%  641K 2s
   550K .......... .......... .......... .......... .......... 44%  624K 2s
   600K .......... .......... .......... .......... .......... 48%  363K 1s
   650K .......... .......... .......... .......... .......... 52%  409K 1s
   700K .......... .......... .......... .......... .......... 55%  547K 1s
   750K .......... .......... .......... .......... .......... 59%  584K 1s
   800K .......... .......... .......... .......... .......... 63%  445K 1s
   850K .......... .......... .......... .......... .......... 67%  536K 1s
   900K .......... .......... .......... .......... .......... 70%  624K 1s
   950K .......... .......... .......... .......... .......... 74%  448K 1s
  1000K .......... .......... .......... .......... .......... 78%  375K 1s
  1050K .......... .......... .......... .......... .......... 81%  699K 1s
  1100K .......... .......... .......... .......... .......... 85%  653K 0s
  1150K .......... .......... .......... .......... .......... 89%  525K 0s
  1200K .......... .......... .......... .......... .......... 93%  329K 0s
  1250K .......... .......... .......... .......... .......... 96%  813K 0s
  1300K .......... .......... .......... .......... ...       100%  718K=2.7s

2018-12-23 11:30:13 (494 KB/s) - 'UID_0300180_spec_HET_HRS_03.ipac' saved [1375436/1375436]

--2018-12-23 11:30:13--  http://exoplanetarchive.ipac.caltech.edu/data/ExoData/0300/0300180/spectra/UID_0300180_spec_HET_HRS_04.ipac
Resolving exoplanetarchive.ipac.caltech.edu (exoplanetarchive.ipac.caltech.edu)... 134.4.54.147
Connecting to exoplanetarchive.ipac.caltech.edu (exoplanetarchive.ipac.caltech.edu)|134.4.54.147|:80... connected.
HTTP request sent, awaiting response... 302 Found
Location: https://exoplanetarchive.ipac.caltech.edu/data/ExoData/0300/0300180/spectra/UID_0300180_spec_HET_HRS_04.ipac [following]
--2018-12-23 11:30:13--  https://exoplanetarchive.ipac.caltech.edu/data/ExoData/0300/0300180/spectra/UID_0300180_spec_HET_HRS_04.ipac
Connecting to exoplanetarchive.ipac.caltech.edu (exoplanetarchive.ipac.caltech.edu)|134.4.54.147|:443... connected.
HTTP request sent, awaiting response... 200 OK
Length: 1375436 (1.3M) [text/plain]
Saving to: 'UID_0300180_spec_HET_HRS_04.ipac'

     0K .......... .......... .......... .......... ..........  3%  326K 4s
    50K .......... .......... .......... .......... ..........  7%  412K 3s
   100K .......... .......... .......... .......... .......... 11%  388K 3s
   150K .......... .......... .......... .......... .......... 14%  468K 3s
   200K .......... .......... .......... .......... .......... 18%  358K 3s
   250K .......... .......... .......... .......... .......... 22%  752K 2s
   300K .......... .......... .......... .......... .......... 26%  467K 2s
   350K .......... .......... .......... .......... .......... 29%  659K 2s
   400K .......... .......... .......... .......... .......... 33%  446K 2s
   450K .......... .......... .......... .......... .......... 37%  654K 2s
   500K .......... .......... .......... .......... .......... 40%  700K 2s
   550K .......... .......... .......... .......... .......... 44%  364K 2s
   600K .......... .......... .......... .......... .......... 48% 1.39M 1s
   650K .......... .......... .......... .......... .......... 52%  593K 1s
   700K .......... .......... .......... .......... .......... 55%  711K 1s
   750K .......... .......... .......... .......... .......... 59%  810K 1s
   800K .......... .......... .......... .......... .......... 63%  816K 1s
   850K .......... .......... .......... .......... .......... 67%  430K 1s
   900K .......... .......... .......... .......... .......... 70%  774K 1s
   950K .......... .......... .......... .......... .......... 74%  687K 1s
  1000K .......... .......... .......... .......... .......... 78%  758K 1s
  1050K .......... .......... .......... .......... .......... 81%  499K 0s
  1100K .......... .......... .......... .......... .......... 85%  373K 0s
  1150K .......... .......... .......... .......... .......... 89%  642K 0s
  1200K .......... .......... .......... .......... .......... 93%  370K 0s
  1250K .......... .......... .......... .......... .......... 96%  538K 0s
  1300K .......... .......... .......... .......... ...       100%  882K=2.5s

2018-12-23 11:30:16 (533 KB/s) - 'UID_0300180_spec_HET_HRS_04.ipac' saved [1375436/1375436]

--2018-12-23 11:30:16--  http://exoplanetarchive.ipac.caltech.edu/data/ExoData/0300/0300180/spectra/UID_0300180_spec_HET_HRS_05.ipac
Resolving exoplanetarchive.ipac.caltech.edu (exoplanetarchive.ipac.caltech.edu)... 134.4.54.147
Connecting to exoplanetarchive.ipac.caltech.edu (exoplanetarchive.ipac.caltech.edu)|134.4.54.147|:80... connected.
HTTP request sent, awaiting response... 302 Found
Location: https://exoplanetarchive.ipac.caltech.edu/data/ExoData/0300/0300180/spectra/UID_0300180_spec_HET_HRS_05.ipac [following]
--2018-12-23 11:30:16--  https://exoplanetarchive.ipac.caltech.edu/data/ExoData/0300/0300180/spectra/UID_0300180_spec_HET_HRS_05.ipac
Connecting to exoplanetarchive.ipac.caltech.edu (exoplanetarchive.ipac.caltech.edu)|134.4.54.147|:443... connected.
HTTP request sent, awaiting response... 200 OK
Length: 1375436 (1.3M) [text/plain]
Saving to: 'UID_0300180_spec_HET_HRS_05.ipac'

     0K .......... .......... .......... .......... ..........  3%  260K 5s
    50K .......... .......... .......... .......... ..........  7%  566K 3s
   100K .......... .......... .......... .......... .......... 11%  493K 3s
   150K .......... .......... .......... .......... .......... 14%  728K 3s
   200K .......... .......... .......... .......... .......... 18%  512K 2s
   250K .......... .......... .......... .......... .......... 22%  675K 2s
   300K .......... .......... .......... .......... .......... 26%  610K 2s
   350K .......... .......... .......... .......... .......... 29%  492K 2s
   400K .......... .......... .......... .......... .......... 33%  471K 2s
   450K .......... .......... .......... .......... .......... 37%  548K 2s
   500K .......... .......... .......... .......... .......... 40%  827K 2s
   550K .......... .......... .......... .......... .......... 44%  477K 1s
   600K .......... .......... .......... .......... .......... 48%  539K 1s
   650K .......... .......... .......... .......... .......... 52%  515K 1s
   700K .......... .......... .......... .......... .......... 55%  619K 1s
   750K .......... .......... .......... .......... .......... 59%  474K 1s
   800K .......... .......... .......... .......... .......... 63%  309K 1s
   850K .......... .......... .......... .......... .......... 67%  652K 1s
   900K .......... .......... .......... .......... .......... 70%  575K 1s
   950K .......... .......... .......... .......... .......... 74%  711K 1s
  1000K .......... .......... .......... .......... .......... 78%  794K 1s
  1050K .......... .......... .......... .......... .......... 81%  892K 0s
  1100K .......... .......... .......... .......... .......... 85%  559K 0s
  1150K .......... .......... .......... .......... .......... 89%  720K 0s
  1200K .......... .......... .......... .......... .......... 93%  619K 0s
  1250K .......... .......... .......... .......... .......... 96%  814K 0s
  1300K .......... .......... .......... .......... ...       100% 1.06M=2.4s

2018-12-23 11:30:19 (560 KB/s) - 'UID_0300180_spec_HET_HRS_05.ipac' saved [1375436/1375436]

--2018-12-23 11:30:19--  http://exoplanetarchive.ipac.caltech.edu/data/ExoData/0300/0300180/spectra/UID_0300180_spec_HET_HRS_06.ipac
Resolving exoplanetarchive.ipac.caltech.edu (exoplanetarchive.ipac.caltech.edu)... 134.4.54.147
Connecting to exoplanetarchive.ipac.caltech.edu (exoplanetarchive.ipac.caltech.edu)|134.4.54.147|:80... connected.
HTTP request sent, awaiting response... 302 Found
Location: https://exoplanetarchive.ipac.caltech.edu/data/ExoData/0300/0300180/spectra/UID_0300180_spec_HET_HRS_06.ipac [following]
--2018-12-23 11:30:19--  https://exoplanetarchive.ipac.caltech.edu/data/ExoData/0300/0300180/spectra/UID_0300180_spec_HET_HRS_06.ipac
Connecting to exoplanetarchive.ipac.caltech.edu (exoplanetarchive.ipac.caltech.edu)|134.4.54.147|:443... connected.
HTTP request sent, awaiting response... 200 OK
Length: 1375436 (1.3M) [text/plain]
Saving to: 'UID_0300180_spec_HET_HRS_06.ipac'

     0K .......... .......... .......... .......... ..........  3%  354K 4s
    50K .......... .......... .......... .......... ..........  7%  769K 3s
   100K .......... .......... .......... .......... .......... 11%  927K 2s
   150K .......... .......... .......... .......... .......... 14% 1.08M 2s
   200K .......... .......... .......... .......... .......... 18%  736K 2s
   250K .......... .......... .......... .......... .......... 22%  787K 2s
   300K .......... .......... .......... .......... .......... 26%  830K 1s
   350K .......... .......... .......... .......... .......... 29%  535K 1s
   400K .......... .......... .......... .......... .......... 33%  425K 1s
   450K .......... .......... .......... .......... .......... 37%  746K 1s
   500K .......... .......... .......... .......... .......... 40%  926K 1s
   550K .......... .......... .......... .......... .......... 44%  618K 1s
   600K .......... .......... .......... .......... .......... 48%  903K 1s
   650K .......... .......... .......... .......... .......... 52%  996K 1s
   700K .......... .......... .......... .......... .......... 55%  882K 1s
   750K .......... .......... .......... .......... .......... 59% 1.05M 1s
   800K .......... .......... .......... .......... .......... 63%  828K 1s
   850K .......... .......... .......... .......... .......... 67%  883K 1s
   900K .......... .......... .......... .......... .......... 70%  458K 1s
   950K .......... .......... .......... .......... .......... 74% 1.27M 0s
  1000K .......... .......... .......... .......... .......... 78%  799K 0s
  1050K .......... .......... .......... .......... .......... 81%  655K 0s
  1100K .......... .......... .......... .......... .......... 85%  991K 0s
  1150K .......... .......... .......... .......... .......... 89%  849K 0s
  1200K .......... .......... .......... .......... .......... 93%  709K 0s
  1250K .......... .......... .......... .......... .......... 96%  743K 0s
  1300K .......... .......... .......... .......... ...       100%  896K=1.8s

2018-12-23 11:30:21 (739 KB/s) - 'UID_0300180_spec_HET_HRS_06.ipac' saved [1375436/1375436]

